2014-02-03 01:28:28.793 McClock2[80370:a0b] Multi-tasking -> Device: YES, App: YES
2014-02-03 01:28:28.837 McClock2[80370:a0b] [CDVTimer][keyboard] 0.101984ms
2014-02-03 01:28:28.854 McClock2[80370:a0b] [CDVTimer][statusbar] 12.398005ms
2014-02-03 01:28:28.857 McClock2[80370:a0b] [CDVTimer][chromebootstrap] 0.059009ms
2014-02-03 01:28:28.860 McClock2[80370:a0b] [CDVTimer][chromeextensionurls] 0.083029ms
2014-02-03 01:28:28.862 McClock2[80370:a0b] [CDVTimer][chromenavigation] 0.043035ms
2014-02-03 01:28:28.867 McClock2[80370:a0b] [CDVTimer][TotalPluginStartup] 30.046999ms
2014-02-03 01:28:29.060 McClock2[80370:a0b] Resetting plugins due to page load.
2014-02-03 01:28:29.195 McClock2[80370:4303] ERROR whitelist rejection: url='http://fonts.googleapis.com/css?family=Yanone+Kaffeesatz:200,300,400'
2014-02-03 01:28:29.196 McClock2[80370:4303] ERROR whitelist rejection: url='http://fonts.googleapis.com/css?family=Yanone+Kaffeesatz:200,300,400'
2014-02-03 01:28:29.199 McClock2[80370:4303] ERROR whitelist rejection: url='http://fonts.googleapis.com/css?family=Yanone+Kaffeesatz:200,300,400'
2014-02-03 01:28:29.300 McClock2[80370:a0b] Finished load of: chrome-extension://aanacibgbblhjapahkmddpmdmdognlmd/index.html#/launch
2014-02-03 01:28:29.472 McClock2[80370:a0b] THREAD WARNING: ['ChromeIdentity'] took '148.419922' ms. Plugin should use a background thread.
2014-02-03 01:28:29.595 McClock2[80370:5f03] You are using Google+ iOS SDK version 1.4.1
2014-02-03 01:28:29.595 McClock2[80370:5f03] Get the new version 1.5.0 at http://goo.gl/uEYN2Y
2014-02-03 01:31:11.844 McClock2[80666:a0b] Multi-tasking -> Device: YES, App: YES
2014-02-03 01:31:11.876 McClock2[80666:a0b] [CDVTimer][keyboard] 0.101984ms
2014-02-03 01:31:11.886 McClock2[80666:a0b] [CDVTimer][statusbar] 8.288980ms
2014-02-03 01:31:11.886 McClock2[80666:a0b] [CDVTimer][chromebootstrap] 0.047028ms
2014-02-03 01:31:11.887 McClock2[80666:a0b] [CDVTimer][chromeextensionurls] 0.129998ms
2014-02-03 01:31:11.887 McClock2[80666:a0b] [CDVTimer][chromenavigation] 0.030041ms
2014-02-03 01:31:11.888 McClock2[80666:a0b] [CDVTimer][TotalPluginStartup] 12.107968ms
2014-02-03 01:31:11.970 McClock2[80666:a0b] Resetting plugins due to page load.
2014-02-03 01:31:12.100 McClock2[80666:4303] ERROR whitelist rejection: url='http://fonts.googleapis.com/css?family=Yanone+Kaffeesatz:200,300,400'
2014-02-03 01:31:12.100 McClock2[80666:4303] ERROR whitelist rejection: url='http://fonts.googleapis.com/css?family=Yanone+Kaffeesatz:200,300,400'
2014-02-03 01:31:12.100 McClock2[80666:4303] ERROR whitelist rejection: url='http://fonts.googleapis.com/css?family=Yanone+Kaffeesatz:200,300,400'
2014-02-03 01:31:12.189 McClock2[80666:a0b] Finished load of: chrome-extension://aanacibgbblhjapahkmddpmdmdognlmd/index.html#/launch
2014-02-03 01:31:12.418 McClock2[80666:4e13] You are using Google+ iOS SDK version 1.4.1
2014-02-03 01:31:12.418 McClock2[80666:4e13] Get the new version 1.5.0 at http://goo.gl/uEYN2Y
2014-02-03 01:31:12.430 McClock2[80666:a0b] THREAD WARNING: ['ChromeIdentity'] took '202.171143' ms. Plugin should use a background thread.
2014-02-03 01:32:40.965 McClock2[80978:a0b] Multi-tasking -> Device: YES, App: YES
2014-02-03 01:32:40.990 McClock2[80978:a0b] [CDVTimer][keyboard] 0.097036ms
2014-02-03 01:32:41.001 McClock2[80978:a0b] [CDVTimer][statusbar] 10.084987ms
2014-02-03 01:32:41.001 McClock2[80978:a0b] [CDVTimer][chromebootstrap] 0.048995ms
2014-02-03 01:32:41.001 McClock2[80978:a0b] [CDVTimer][chromeextensionurls] 0.059009ms
2014-02-03 01:32:41.002 McClock2[80978:a0b] [CDVTimer][chromenavigation] 0.032008ms
2014-02-03 01:32:41.002 McClock2[80978:a0b] [CDVTimer][TotalPluginStartup] 12.329996ms
2014-02-03 01:32:41.101 McClock2[80978:a0b] Resetting plugins due to page load.
2014-02-03 01:32:41.232 McClock2[80978:4103] ERROR whitelist rejection: url='http://fonts.googleapis.com/css?family=Yanone+Kaffeesatz:200,300,400'
2014-02-03 01:32:41.234 McClock2[80978:4103] ERROR whitelist rejection: url='http://fonts.googleapis.com/css?family=Yanone+Kaffeesatz:200,300,400'
2014-02-03 01:32:41.237 McClock2[80978:4103] ERROR whitelist rejection: url='http://fonts.googleapis.com/css?family=Yanone+Kaffeesatz:200,300,400'
2014-02-03 01:32:41.363 McClock2[80978:a0b] Finished load of: chrome-extension://aanacibgbblhjapahkmddpmdmdognlmd/index.html#/launch
2014-02-03 01:32:41.690 McClock2[80978:4b17] You are using Google+ iOS SDK version 1.4.1
2014-02-03 01:32:41.691 McClock2[80978:4b17] Get the new version 1.5.0 at http://goo.gl/uEYN2Y
2014-02-03 01:32:42.031 McClock2[80978:a0b] THREAD WARNING: ['ChromeIdentity'] took '635.112793' ms. Plugin should use a background thread.
2014-02-03 01:33:45.335 McClock2[81486:a0b] Multi-tasking -> Device: YES, App: YES
2014-02-03 01:33:45.366 McClock2[81486:a0b] [CDVTimer][keyboard] 0.099003ms
2014-02-03 01:33:45.376 McClock2[81486:a0b] [CDVTimer][statusbar] 10.109961ms
2014-02-03 01:33:45.382 McClock2[81486:a0b] [CDVTimer][chromebootstrap] 0.056028ms
2014-02-03 01:33:45.383 McClock2[81486:a0b] [CDVTimer][chromeextensionurls] 0.061989ms
2014-02-03 01:33:45.383 McClock2[81486:a0b] [CDVTimer][chromenavigation] 0.028014ms
2014-02-03 01:33:45.384 McClock2[81486:a0b] [CDVTimer][TotalPluginStartup] 18.127024ms
2014-02-03 01:33:45.520 McClock2[81486:a0b] Resetting plugins due to page load.
2014-02-03 01:33:45.626 McClock2[81486:4203] ERROR whitelist rejection: url='http://fonts.googleapis.com/css?family=Yanone+Kaffeesatz:200,300,400'
2014-02-03 01:33:45.627 McClock2[81486:4203] ERROR whitelist rejection: url='http://fonts.googleapis.com/css?family=Yanone+Kaffeesatz:200,300,400'
2014-02-03 01:33:45.627 McClock2[81486:4203] ERROR whitelist rejection: url='http://fonts.googleapis.com/css?family=Yanone+Kaffeesatz:200,300,400'
2014-02-03 01:33:45.747 McClock2[81486:a0b] Finished load of: chrome-extension://aanacibgbblhjapahkmddpmdmdognlmd/index.html#/launch
2014-02-03 01:33:45.972 McClock2[81486:4d13] You are using Google+ iOS SDK version 1.4.1
2014-02-03 01:33:45.973 McClock2[81486:4d13] Get the new version 1.5.0 at http://goo.gl/uEYN2Y
2014-02-03 01:33:46.430 McClock2[81486:a0b] THREAD WARNING: ['ChromeIdentity'] took '643.559082' ms. Plugin should use a background thread.
2014-02-03 01:38:53.277 McClock2[81796:a0b] Multi-tasking -> Device: YES, App: YES
2014-02-03 01:38:53.322 McClock2[81796:a0b] [CDVTimer][keyboard] 0.099957ms
2014-02-03 01:38:53.332 McClock2[81796:a0b] [CDVTimer][statusbar] 9.067953ms
2014-02-03 01:38:53.332 McClock2[81796:a0b] [CDVTimer][chromebootstrap] 0.052989ms
2014-02-03 01:38:53.333 McClock2[81796:a0b] [CDVTimer][chromeextensionurls] 0.077009ms
2014-02-03 01:38:53.334 McClock2[81796:a0b] [CDVTimer][chromenavigation] 0.028968ms
2014-02-03 01:38:53.334 McClock2[81796:a0b] [CDVTimer][TotalPluginStartup] 12.313962ms
2014-02-03 01:38:53.530 McClock2[81796:a0b] Resetting plugins due to page load.
2014-02-03 01:38:53.665 McClock2[81796:4203] ERROR whitelist rejection: url='http://fonts.googleapis.com/css?family=Yanone+Kaffeesatz:200,300,400'
2014-02-03 01:38:53.667 McClock2[81796:4203] ERROR whitelist rejection: url='http://fonts.googleapis.com/css?family=Yanone+Kaffeesatz:200,300,400'
2014-02-03 01:38:53.667 McClock2[81796:4203] ERROR whitelist rejection: url='http://fonts.googleapis.com/css?family=Yanone+Kaffeesatz:200,300,400'
2014-02-03 01:38:53.787 McClock2[81796:a0b] Finished load of: chrome-extension://aanacibgbblhjapahkmddpmdmdognlmd/index.html#/launch
2014-02-03 01:38:53.975 McClock2[81796:a0b] THREAD WARNING: ['ChromeIdentity'] took '164.438965' ms. Plugin should use a background thread.
2014-02-03 01:38:54.004 McClock2[81796:2e07] You are using Google+ iOS SDK version 1.4.1
2014-02-03 01:38:54.004 McClock2[81796:2e07] Get the new version 1.5.0 at http://goo.gl/uEYN2Y
2014-02-03 01:40:23.639 McClock2[82083:a0b] Multi-tasking -> Device: YES, App: YES
2014-02-03 01:40:23.668 McClock2[82083:a0b] [CDVTimer][keyboard] 0.096023ms
2014-02-03 01:40:23.679 McClock2[82083:a0b] [CDVTimer][statusbar] 9.514987ms
2014-02-03 01:40:23.680 McClock2[82083:a0b] [CDVTimer][chromebootstrap] 0.048041ms
2014-02-03 01:40:23.681 McClock2[82083:a0b] [CDVTimer][chromeextensionurls] 0.063002ms
2014-02-03 01:40:23.681 McClock2[82083:a0b] [CDVTimer][chromenavigation] 0.028968ms
2014-02-03 01:40:23.683 McClock2[82083:a0b] [CDVTimer][TotalPluginStartup] 15.193045ms
2014-02-03 01:40:23.883 McClock2[82083:a0b] Resetting plugins due to page load.
2014-02-03 01:40:24.015 McClock2[82083:4203] ERROR whitelist rejection: url='http://fonts.googleapis.com/css?family=Yanone+Kaffeesatz:200,300,400'
2014-02-03 01:40:24.017 McClock2[82083:4203] ERROR whitelist rejection: url='http://fonts.googleapis.com/css?family=Yanone+Kaffeesatz:200,300,400'
2014-02-03 01:40:24.018 McClock2[82083:4203] ERROR whitelist rejection: url='http://fonts.googleapis.com/css?family=Yanone+Kaffeesatz:200,300,400'
2014-02-03 01:40:24.142 McClock2[82083:a0b] Finished load of: chrome-extension://aanacibgbblhjapahkmddpmdmdognlmd/index.html#/launch
2014-02-03 01:40:24.312 McClock2[82083:a0b] THREAD WARNING: ['ChromeIdentity'] took '146.453857' ms. Plugin should use a background thread.
2014-02-03 01:40:24.362 McClock2[82083:4c0f] You are using Google+ iOS SDK version 1.4.1
2014-02-03 01:40:24.362 McClock2[82083:4c0f] Get the new version 1.5.0 at http://goo.gl/uEYN2Y
2014-02-03 02:03:22.543 McClock2[83259:a0b] Multi-tasking -> Device: YES, App: YES
2014-02-03 02:03:22.581 McClock2[83259:a0b] [CDVTimer][keyboard] 0.099003ms
2014-02-03 02:03:22.598 McClock2[83259:a0b] [CDVTimer][statusbar] 14.238000ms
2014-02-03 02:03:22.598 McClock2[83259:a0b] [CDVTimer][chromebootstrap] 0.043988ms
2014-02-03 02:03:22.599 McClock2[83259:a0b] [CDVTimer][chromeextensionurls] 0.056982ms
2014-02-03 02:03:22.600 McClock2[83259:a0b] [CDVTimer][chromenavigation] 0.033975ms
2014-02-03 02:03:22.601 McClock2[83259:a0b] [CDVTimer][TotalPluginStartup] 20.663977ms
2014-02-03 02:03:22.749 McClock2[83259:a0b] Resetting plugins due to page load.
2014-02-03 02:03:22.909 McClock2[83259:4103] ERROR whitelist rejection: url='http://fonts.googleapis.com/css?family=Yanone+Kaffeesatz:200,300,400'
2014-02-03 02:03:22.910 McClock2[83259:4103] ERROR whitelist rejection: url='http://fonts.googleapis.com/css?family=Yanone+Kaffeesatz:200,300,400'
2014-02-03 02:03:22.910 McClock2[83259:4103] ERROR whitelist rejection: url='http://fonts.googleapis.com/css?family=Yanone+Kaffeesatz:200,300,400'
2014-02-03 02:03:23.039 McClock2[83259:a0b] Finished load of: chrome-extension://aanacibgbblhjapahkmddpmdmdognlmd/index.html#/launch
2014-02-03 02:03:23.210 McClock2[83259:a0b] THREAD WARNING: ['ChromeIdentity'] took '147.891846' ms. Plugin should use a background thread.
2014-02-03 02:03:23.246 McClock2[83259:5c03] You are using Google+ iOS SDK version 1.4.1
2014-02-03 02:03:23.246 McClock2[83259:5c03] Get the new version 1.5.0 at http://goo.gl/uEYN2Y
2014-02-03 02:05:09.877 McClock2[83778:a0b] Multi-tasking -> Device: YES, App: YES
2014-02-03 02:05:09.902 McClock2[83778:a0b] [CDVTimer][keyboard] 0.100017ms
2014-02-03 02:05:09.913 McClock2[83778:a0b] [CDVTimer][statusbar] 10.028958ms
2014-02-03 02:05:09.913 McClock2[83778:a0b] [CDVTimer][chromebootstrap] 0.046015ms
2014-02-03 02:05:09.914 McClock2[83778:a0b] [CDVTimer][chromeextensionurls] 0.057995ms
2014-02-03 02:05:09.914 McClock2[83778:a0b] [CDVTimer][chromenavigation] 0.027001ms
2014-02-03 02:05:09.915 McClock2[83778:a0b] [CDVTimer][TotalPluginStartup] 12.545049ms
2014-02-03 02:05:10.064 McClock2[83778:a0b] Resetting plugins due to page load.
2014-02-03 02:05:10.157 McClock2[83778:4103] ERROR whitelist rejection: url='http://fonts.googleapis.com/css?family=Yanone+Kaffeesatz:200,300,400'
2014-02-03 02:05:10.158 McClock2[83778:4103] ERROR whitelist rejection: url='http://fonts.googleapis.com/css?family=Yanone+Kaffeesatz:200,300,400'
2014-02-03 02:05:10.158 McClock2[83778:4103] ERROR whitelist rejection: url='http://fonts.googleapis.com/css?family=Yanone+Kaffeesatz:200,300,400'
2014-02-03 02:05:10.257 McClock2[83778:a0b] Finished load of: chrome-extension://aanacibgbblhjapahkmddpmdmdognlmd/index.html#/launch
2014-02-03 02:05:10.489 McClock2[83778:4c13] You are using Google+ iOS SDK version 1.4.1
2014-02-03 02:05:10.489 McClock2[83778:4c13] Get the new version 1.5.0 at http://goo.gl/uEYN2Y
2014-02-03 02:05:10.945 McClock2[83778:a0b] THREAD WARNING: ['ChromeIdentity'] took '640.722900' ms. Plugin should use a background thread.
2014-02-03 02:13:22.204 McClock2[84686:a0b] Multi-tasking -> Device: YES, App: YES
2014-02-03 02:13:22.231 McClock2[84686:a0b] [CDVTimer][keyboard] 0.104010ms
2014-02-03 02:13:22.242 McClock2[84686:a0b] [CDVTimer][statusbar] 10.356009ms
2014-02-03 02:13:22.242 McClock2[84686:a0b] [CDVTimer][chromebootstrap] 0.046015ms
2014-02-03 02:13:22.243 McClock2[84686:a0b] [CDVTimer][chromeextensionurls] 0.068009ms
2014-02-03 02:13:22.247 McClock2[84686:a0b] [CDVTimer][chromenavigation] 0.048995ms
2014-02-03 02:13:22.248 McClock2[84686:a0b] [CDVTimer][TotalPluginStartup] 17.859995ms
2014-02-03 02:13:22.433 McClock2[84686:a0b] Resetting plugins due to page load.
2014-02-03 02:13:22.572 McClock2[84686:4503] ERROR whitelist rejection: url='http://fonts.googleapis.com/css?family=Yanone+Kaffeesatz:200,300,400'
2014-02-03 02:13:22.573 McClock2[84686:4503] ERROR whitelist rejection: url='http://fonts.googleapis.com/css?family=Yanone+Kaffeesatz:200,300,400'
2014-02-03 02:13:22.573 McClock2[84686:4503] ERROR whitelist rejection: url='http://fonts.googleapis.com/css?family=Yanone+Kaffeesatz:200,300,400'
2014-02-03 02:13:22.672 McClock2[84686:a0b] Finished load of: chrome-extension://aanacibgbblhjapahkmddpmdmdognlmd/index.html#/launch
2014-02-03 02:13:22.849 McClock2[84686:a0b] THREAD WARNING: ['ChromeIdentity'] took '151.925049' ms. Plugin should use a background thread.
2014-02-03 02:13:22.916 McClock2[84686:1403] You are using Google+ iOS SDK version 1.4.1
2014-02-03 02:13:22.916 McClock2[84686:1403] Get the new version 1.5.0 at http://goo.gl/uEYN2Y
2014-02-03 02:19:42.612 McClock2[85632:a0b] Multi-tasking -> Device: YES, App: YES
2014-02-03 02:19:42.639 McClock2[85632:a0b] [CDVTimer][keyboard] 0.095963ms
2014-02-03 02:19:42.650 McClock2[85632:a0b] [CDVTimer][statusbar] 10.262012ms
2014-02-03 02:19:42.651 McClock2[85632:a0b] [CDVTimer][chromebootstrap] 0.049055ms
2014-02-03 02:19:42.651 McClock2[85632:a0b] [CDVTimer][chromeextensionurls] 0.061035ms
2014-02-03 02:19:42.652 McClock2[85632:a0b] [CDVTimer][chromenavigation] 0.028014ms
2014-02-03 02:19:42.652 McClock2[85632:a0b] [CDVTimer][TotalPluginStartup] 13.016999ms
2014-02-03 02:19:42.847 McClock2[85632:a0b] Resetting plugins due to page load.
2014-02-03 02:19:42.966 McClock2[85632:4503] ERROR whitelist rejection: url='http://fonts.googleapis.com/css?family=Yanone+Kaffeesatz:200,300,400'
2014-02-03 02:19:42.967 McClock2[85632:4503] ERROR whitelist rejection: url='http://fonts.googleapis.com/css?family=Yanone+Kaffeesatz:200,300,400'
2014-02-03 02:19:42.968 McClock2[85632:4503] ERROR whitelist rejection: url='http://fonts.googleapis.com/css?family=Yanone+Kaffeesatz:200,300,400'
2014-02-03 02:19:43.077 McClock2[85632:a0b] Finished load of: chrome-extension://aanacibgbblhjapahkmddpmdmdognlmd/index.html#/launch
2014-02-03 02:19:43.266 McClock2[85632:a0b] THREAD WARNING: ['ChromeIdentity'] took '147.087158' ms. Plugin should use a background thread.
2014-02-03 02:19:43.313 McClock2[85632:3b03] You are using Google+ iOS SDK version 1.4.1
2014-02-03 02:19:43.313 McClock2[85632:3b03] Get the new version 1.5.0 at http://goo.gl/uEYN2Y
2014-02-03 02:19:57.528 McClock2[85632:a0b] location.reload() detected. Reloading via chromeapp.html
2014-02-03 02:19:57.530 McClock2[85632:a0b] Resetting plugins due to page load.
2014-02-03 02:19:57.713 McClock2[85632:4503] ERROR whitelist rejection: url='http://fonts.googleapis.com/css?family=Yanone+Kaffeesatz:200,300,400'
2014-02-03 02:19:57.713 McClock2[85632:4503] ERROR whitelist rejection: url='http://fonts.googleapis.com/css?family=Yanone+Kaffeesatz:200,300,400'
2014-02-03 02:19:57.713 McClock2[85632:4503] ERROR whitelist rejection: url='http://fonts.googleapis.com/css?family=Yanone+Kaffeesatz:200,300,400'
2014-02-03 02:19:57.895 McClock2[85632:a0b] Finished load of: chrome-extension://aanacibgbblhjapahkmddpmdmdognlmd/index.html#/launch
2014-02-03 02:23:16.134 McClock2[86147:a0b] Multi-tasking -> Device: YES, App: YES
2014-02-03 02:23:16.159 McClock2[86147:a0b] [CDVTimer][keyboard] 0.100017ms
2014-02-03 02:23:16.176 McClock2[86147:a0b] [CDVTimer][statusbar] 15.579998ms
2014-02-03 02:23:16.177 McClock2[86147:a0b] [CDVTimer][chromebootstrap] 0.049055ms
2014-02-03 02:23:16.178 McClock2[86147:a0b] [CDVTimer][chromeextensionurls] 0.060022ms
2014-02-03 02:23:16.178 McClock2[86147:a0b] [CDVTimer][chromenavigation] 0.029027ms
2014-02-03 02:23:16.179 McClock2[86147:a0b] [CDVTimer][TotalPluginStartup] 19.656003ms
2014-02-03 02:23:16.313 McClock2[86147:a0b] Resetting plugins due to page load.
2014-02-03 02:23:16.413 McClock2[86147:4303] ERROR whitelist rejection: url='http://fonts.googleapis.com/css?family=Yanone+Kaffeesatz:200,300,400'
2014-02-03 02:23:16.413 McClock2[86147:4303] ERROR whitelist rejection: url='http://fonts.googleapis.com/css?family=Yanone+Kaffeesatz:200,300,400'
2014-02-03 02:23:16.414 McClock2[86147:4303] ERROR whitelist rejection: url='http://fonts.googleapis.com/css?family=Yanone+Kaffeesatz:200,300,400'
2014-02-03 02:23:16.507 McClock2[86147:a0b] Finished load of: chrome-extension://aanacibgbblhjapahkmddpmdmdognlmd/index.html#/launch
2014-02-03 02:23:16.548 McClock2[86147:2703] You are using Google+ iOS SDK version 1.4.1
2014-02-03 02:23:16.549 McClock2[86147:2703] Get the new version 1.5.0 at http://goo.gl/uEYN2Y
2014-02-03 07:12:00.706 McClock2[91536:a0b] Multi-tasking -> Device: YES, App: YES
2014-02-03 07:12:00.884 McClock2[91536:a0b] [CDVTimer][keyboard] 0.099003ms
2014-02-03 07:12:00.934 McClock2[91536:a0b] [CDVTimer][statusbar] 49.439013ms
2014-02-03 07:12:00.934 McClock2[91536:a0b] [CDVTimer][chromebootstrap] 0.041008ms
2014-02-03 07:12:00.934 McClock2[91536:a0b] [CDVTimer][chromeextensionurls] 0.052989ms
2014-02-03 07:12:00.935 McClock2[91536:a0b] [CDVTimer][chromenavigation] 0.034988ms
2014-02-03 07:12:00.935 McClock2[91536:a0b] [CDVTimer][TotalPluginStartup] 51.554978ms
2014-02-03 07:12:01.043 McClock2[91536:a0b] Resetting plugins due to page load.
2014-02-03 07:12:01.214 McClock2[91536:4103] ERROR whitelist rejection: url='http://fonts.googleapis.com/css?family=Yanone+Kaffeesatz:200,300,400'
2014-02-03 07:12:01.214 McClock2[91536:4103] ERROR whitelist rejection: url='http://fonts.googleapis.com/css?family=Yanone+Kaffeesatz:200,300,400'
2014-02-03 07:12:01.214 McClock2[91536:4103] ERROR whitelist rejection: url='http://fonts.googleapis.com/css?family=Yanone+Kaffeesatz:200,300,400'
2014-02-03 07:12:01.353 McClock2[91536:a0b] Finished load of: chrome-extension://pipejbaokfpkghhacoodkglgppjbhplj/index.html#/launch
2014-02-03 07:12:01.608 McClock2[91536:1403] You are using Google+ iOS SDK version 1.4.1
2014-02-03 07:12:01.608 McClock2[91536:1403] Get the new version 1.5.0 at http://goo.gl/uEYN2Y
2014-02-03 07:12:07.533 McClock2[91536:4103] ERROR whitelist rejection: url='https://www.googleapis.com/oauth2/v1/tokeninfo?access_token=ya29.1.AADtN_WfO2_qfwlYVdwLUEhbe8x2d9_aV0XPAkhi9XOOKbMuiVQlG3hQjpm4F7U'
2014-02-03 07:12:07.534 McClock2[91536:4103] ERROR whitelist rejection: url='https://www.googleapis.com/oauth2/v1/tokeninfo?access_token=ya29.1.AADtN_WfO2_qfwlYVdwLUEhbe8x2d9_aV0XPAkhi9XOOKbMuiVQlG3hQjpm4F7U'
2014-02-03 07:12:07.534 McClock2[91536:4103] ERROR whitelist rejection: url='https://www.googleapis.com/oauth2/v1/tokeninfo?access_token=ya29.1.AADtN_WfO2_qfwlYVdwLUEhbe8x2d9_aV0XPAkhi9XOOKbMuiVQlG3hQjpm4F7U'
2014-02-03 07:12:07.535 McClock2[91536:4103] ERROR whitelist rejection: url='http://192.168.1.68:1337/api/tokeninfo'
2014-02-03 07:12:07.535 McClock2[91536:4103] ERROR whitelist rejection: url='http://192.168.1.68:1337/api/tokeninfo'
2014-02-03 07:12:07.535 McClock2[91536:4103] ERROR whitelist rejection: url='http://192.168.1.68:1337/api/tokeninfo'
2014-02-03 07:12:07.538 McClock2[91536:4103] ERROR whitelist rejection: url='http://192.168.1.68:1337/api/tokeninfo'
2014-02-03 07:12:07.539 McClock2[91536:4103] ERROR whitelist rejection: url='http://192.168.1.68:1337/api/tokeninfo'
2014-02-03 07:12:07.539 McClock2[91536:4103] ERROR whitelist rejection: url='http://192.168.1.68:1337/api/tokeninfo'
2014-02-03 08:26:11.384 McClock2[92719:a0b] Multi-tasking -> Device: YES, App: YES
2014-02-03 08:26:11.429 McClock2[92719:a0b] [CDVTimer][keyboard] 0.098050ms
2014-02-03 08:26:11.448 McClock2[92719:a0b] [CDVTimer][statusbar] 18.173993ms
2014-02-03 08:26:11.451 McClock2[92719:a0b] [CDVTimer][chromebootstrap] 0.064969ms
2014-02-03 08:26:11.452 McClock2[92719:a0b] [CDVTimer][chromeextensionurls] 0.065029ms
2014-02-03 08:26:11.453 McClock2[92719:a0b] [CDVTimer][chromenavigation] 0.030994ms
2014-02-03 08:26:11.454 McClock2[92719:a0b] [CDVTimer][TotalPluginStartup] 24.666011ms
2014-02-03 08:26:11.663 McClock2[92719:a0b] Resetting plugins due to page load.
2014-02-03 08:26:11.882 McClock2[92719:4103] ERROR whitelist rejection: url='http://fonts.googleapis.com/css?family=Yanone+Kaffeesatz:200,300,400'
2014-02-03 08:26:11.883 McClock2[92719:4103] ERROR whitelist rejection: url='http://fonts.googleapis.com/css?family=Yanone+Kaffeesatz:200,300,400'
2014-02-03 08:26:11.883 McClock2[92719:4103] ERROR whitelist rejection: url='http://fonts.googleapis.com/css?family=Yanone+Kaffeesatz:200,300,400'
2014-02-03 08:26:12.003 McClock2[92719:a0b] Finished load of: chrome-extension://pipejbaokfpkghhacoodkglgppjbhplj/index.html#/launch
2014-02-03 08:26:12.335 McClock2[92719:1403] You are using Google+ iOS SDK version 1.4.1
2014-02-03 08:26:12.336 McClock2[92719:1403] Get the new version 1.5.0 at http://goo.gl/uEYN2Y
2014-02-03 08:26:13.067 McClock2[92719:4103] ERROR whitelist rejection: url='https://www.googleapis.com/oauth2/v1/tokeninfo?access_token=ya29.1.AADtN_XmAJbCnArhvunPUwfvTZC9Zuh93bRHWOLgjpl4qjYKWmX3tKtJWMB08P0'
2014-02-03 08:26:13.068 McClock2[92719:4103] ERROR whitelist rejection: url='https://www.googleapis.com/oauth2/v1/tokeninfo?access_token=ya29.1.AADtN_XmAJbCnArhvunPUwfvTZC9Zuh93bRHWOLgjpl4qjYKWmX3tKtJWMB08P0'
2014-02-03 08:26:13.068 McClock2[92719:4103] ERROR whitelist rejection: url='https://www.googleapis.com/oauth2/v1/tokeninfo?access_token=ya29.1.AADtN_XmAJbCnArhvunPUwfvTZC9Zuh93bRHWOLgjpl4qjYKWmX3tKtJWMB08P0'
2014-02-03 08:26:13.069 McClock2[92719:4103] ERROR whitelist rejection: url='http://192.168.1.68:1337/api/tokeninfo'
2014-02-03 08:26:13.070 McClock2[92719:4103] ERROR whitelist rejection: url='http://192.168.1.68:1337/api/tokeninfo'
2014-02-03 08:26:13.070 McClock2[92719:4103] ERROR whitelist rejection: url='http://192.168.1.68:1337/api/tokeninfo'
2014-02-03 08:26:13.072 McClock2[92719:4103] ERROR whitelist rejection: url='http://192.168.1.68:1337/api/tokeninfo'
2014-02-03 08:26:13.073 McClock2[92719:4103] ERROR whitelist rejection: url='http://192.168.1.68:1337/api/tokeninfo'
2014-02-03 08:26:13.073 McClock2[92719:4103] ERROR whitelist rejection: url='http://192.168.1.68:1337/api/tokeninfo'
2014-02-03 23:57:06.167 McClock2[4522:a0b] Multi-tasking -> Device: YES, App: YES
2014-02-03 23:57:06.403 McClock2[4522:a0b] [CDVTimer][keyboard] 0.477016ms
2014-02-03 23:57:06.424 McClock2[4522:a0b] [CDVTimer][statusbar] 19.918978ms
2014-02-03 23:57:06.425 McClock2[4522:a0b] [CDVTimer][chromebootstrap] 0.065029ms
2014-02-03 23:57:06.425 McClock2[4522:a0b] [CDVTimer][chromeextensionurls] 0.066996ms
2014-02-03 23:57:06.428 McClock2[4522:a0b] [CDVTimer][chromenavigation] 0.051022ms
2014-02-03 23:57:06.428 McClock2[4522:a0b] [CDVTimer][TotalPluginStartup] 25.797963ms
2014-02-03 23:57:06.556 McClock2[4522:a0b] Resetting plugins due to page load.
2014-02-03 23:57:06.741 McClock2[4522:4203] ERROR whitelist rejection: url='http://fonts.googleapis.com/css?family=Yanone+Kaffeesatz:200,300,400'
2014-02-03 23:57:06.742 McClock2[4522:4203] ERROR whitelist rejection: url='http://fonts.googleapis.com/css?family=Yanone+Kaffeesatz:200,300,400'
2014-02-03 23:57:06.743 McClock2[4522:4203] ERROR whitelist rejection: url='http://fonts.googleapis.com/css?family=Yanone+Kaffeesatz:200,300,400'
2014-02-03 23:57:06.876 McClock2[4522:a0b] Finished load of: chrome-extension://pipejbaokfpkghhacoodkglgppjbhplj/launch
2014-02-03 23:57:07.281 McClock2[4522:1503] You are using Google+ iOS SDK version 1.4.1
2014-02-03 23:57:07.282 McClock2[4522:1503] Get the new version 1.5.0 at http://goo.gl/uEYN2Y
2014-02-04 01:42:05.784 McClock2[5978:a0b] Multi-tasking -> Device: YES, App: YES
2014-02-04 01:42:05.809 McClock2[5978:a0b] [CDVTimer][keyboard] 0.093997ms
2014-02-04 01:42:05.825 McClock2[5978:a0b] [CDVTimer][statusbar] 15.358031ms
2014-02-04 01:42:05.826 McClock2[5978:a0b] [CDVTimer][chromebootstrap] 0.045002ms
2014-02-04 01:42:05.827 McClock2[5978:a0b] [CDVTimer][chromeextensionurls] 0.077963ms
2014-02-04 01:42:05.830 McClock2[5978:a0b] [CDVTimer][chromenavigation] 0.041962ms
2014-02-04 01:42:05.831 McClock2[5978:a0b] [CDVTimer][TotalPluginStartup] 21.894991ms
2014-02-04 01:42:06.020 McClock2[5978:a0b] Resetting plugins due to page load.
2014-02-04 01:42:06.239 McClock2[5978:4303] ERROR whitelist rejection: url='http://fonts.googleapis.com/css?family=Yanone+Kaffeesatz:200,300,400'
2014-02-04 01:42:06.240 McClock2[5978:4303] ERROR whitelist rejection: url='http://fonts.googleapis.com/css?family=Yanone+Kaffeesatz:200,300,400'
2014-02-04 01:42:06.240 McClock2[5978:4303] ERROR whitelist rejection: url='http://fonts.googleapis.com/css?family=Yanone+Kaffeesatz:200,300,400'
2014-02-04 01:42:06.385 McClock2[5978:a0b] Finished load of: chrome-extension://pipejbaokfpkghhacoodkglgppjbhplj/index.html?app_token=12345#/launch
2014-02-04 01:42:42.107 McClock2[6274:a0b] Multi-tasking -> Device: YES, App: YES
2014-02-04 01:42:42.137 McClock2[6274:a0b] [CDVTimer][keyboard] 0.095010ms
2014-02-04 01:42:42.148 McClock2[6274:a0b] [CDVTimer][statusbar] 10.024011ms
2014-02-04 01:42:42.149 McClock2[6274:a0b] [CDVTimer][chromebootstrap] 0.078022ms
2014-02-04 01:42:42.149 McClock2[6274:a0b] [CDVTimer][chromeextensionurls] 0.061989ms
2014-02-04 01:42:42.150 McClock2[6274:a0b] [CDVTimer][chromenavigation] 0.038028ms
2014-02-04 01:42:42.151 McClock2[6274:a0b] [CDVTimer][TotalPluginStartup] 13.781011ms
2014-02-04 01:42:42.265 McClock2[6274:a0b] Resetting plugins due to page load.
2014-02-04 01:42:42.409 McClock2[6274:4203] ERROR whitelist rejection: url='http://fonts.googleapis.com/css?family=Yanone+Kaffeesatz:200,300,400'
2014-02-04 01:42:42.409 McClock2[6274:4203] ERROR whitelist rejection: url='http://fonts.googleapis.com/css?family=Yanone+Kaffeesatz:200,300,400'
2014-02-04 01:42:42.410 McClock2[6274:4203] ERROR whitelist rejection: url='http://fonts.googleapis.com/css?family=Yanone+Kaffeesatz:200,300,400'
2014-02-04 01:42:42.515 McClock2[6274:a0b] Finished load of: chrome-extension://pipejbaokfpkghhacoodkglgppjbhplj/index.html?app_token=12345#/launch
2014-02-04 01:43:51.947 McClock2[6274:a0b] Received memory warning.
